This is pdfTeX, Version 3.1415926-2.5-1.40.14 (TeX Live 2013) (format=pdflatex 2013.11.11)  23 SEP 2016 12:58
entering extended mode
 restricted \write18 enabled.
 %&-line parsing enabled.
**VI-EIEC-Template.tex
(./VI-EIEC-Template.tex
LaTeX2e <2011/06/27>
Babel <3.9f> and hyphenation patterns for 78 languages loaded.
(/usr/local/texlive/2013/texmf-dist/tex/latex/IEEEtran/IEEEtran.cls
Document Class: IEEEtran 2012/12/27 V1.8 by Michael Shell
-- See the "IEEEtran_HOWTO" manual for usage information.
-- http://www.michaelshell.org/tex/ieeetran/
\@IEEEtrantmpdimenA=\dimen102
\@IEEEtrantmpdimenB=\dimen103
\@IEEEtrantmpcountA=\count79
\@IEEEtrantmpcountB=\count80
\@IEEEtrantmptoksA=\toks14
LaTeX Font Info:    Try loading font information for OT1+ptm on input line 368.

(/usr/local/texlive/2013/texmf-dist/tex/latex/psnfss/ot1ptm.fd
File: ot1ptm.fd 2001/06/04 font definitions for OT1/ptm.
)
-- Using 210mm x 297mm (a4) paper.
-- Using PDF output.
\@IEEEnormalsizeunitybaselineskip=\dimen104
-- This is a 10 point document.
\CLASSINFOnormalsizebaselineskip=\dimen105
\CLASSINFOnormalsizeunitybaselineskip=\dimen106
\IEEEnormaljot=\dimen107
LaTeX Font Info:    Font shape `OT1/ptm/bx/n' in size <5> not available
(Font)              Font shape `OT1/ptm/b/n' tried instead on input line 726.
LaTeX Font Info:    Font shape `OT1/ptm/bx/it' in size <5> not available
(Font)              Font shape `OT1/ptm/b/it' tried instead on input line 726.
LaTeX Font Info:    Font shape `OT1/ptm/bx/n' in size <7> not available
(Font)              Font shape `OT1/ptm/b/n' tried instead on input line 726.
LaTeX Font Info:    Font shape `OT1/ptm/bx/it' in size <7> not available
(Font)              Font shape `OT1/ptm/b/it' tried instead on input line 726.
LaTeX Font Info:    Font shape `OT1/ptm/bx/n' in size <8> not available
(Font)              Font shape `OT1/ptm/b/n' tried instead on input line 726.
LaTeX Font Info:    Font shape `OT1/ptm/bx/it' in size <8> not available
(Font)              Font shape `OT1/ptm/b/it' tried instead on input line 726.
LaTeX Font Info:    Font shape `OT1/ptm/bx/n' in size <9> not available
(Font)              Font shape `OT1/ptm/b/n' tried instead on input line 726.
LaTeX Font Info:    Font shape `OT1/ptm/bx/it' in size <9> not available
(Font)              Font shape `OT1/ptm/b/it' tried instead on input line 726.
LaTeX Font Info:    Font shape `OT1/ptm/bx/n' in size <10> not available
(Font)              Font shape `OT1/ptm/b/n' tried instead on input line 726.
LaTeX Font Info:    Font shape `OT1/ptm/bx/it' in size <10> not available
(Font)              Font shape `OT1/ptm/b/it' tried instead on input line 726.
LaTeX Font Info:    Font shape `OT1/ptm/bx/n' in size <11> not available
(Font)              Font shape `OT1/ptm/b/n' tried instead on input line 726.
LaTeX Font Info:    Font shape `OT1/ptm/bx/it' in size <11> not available
(Font)              Font shape `OT1/ptm/b/it' tried instead on input line 726.
LaTeX Font Info:    Font shape `OT1/ptm/bx/n' in size <12> not available
(Font)              Font shape `OT1/ptm/b/n' tried instead on input line 726.
LaTeX Font Info:    Font shape `OT1/ptm/bx/it' in size <12> not available
(Font)              Font shape `OT1/ptm/b/it' tried instead on input line 726.
LaTeX Font Info:    Font shape `OT1/ptm/bx/n' in size <17> not available
(Font)              Font shape `OT1/ptm/b/n' tried instead on input line 726.
LaTeX Font Info:    Font shape `OT1/ptm/bx/it' in size <17> not available
(Font)              Font shape `OT1/ptm/b/it' tried instead on input line 726.
LaTeX Font Info:    Font shape `OT1/ptm/bx/n' in size <20> not available
(Font)              Font shape `OT1/ptm/b/n' tried instead on input line 726.
LaTeX Font Info:    Font shape `OT1/ptm/bx/it' in size <20> not available
(Font)              Font shape `OT1/ptm/b/it' tried instead on input line 726.
LaTeX Font Info:    Font shape `OT1/ptm/bx/n' in size <24> not available
(Font)              Font shape `OT1/ptm/b/n' tried instead on input line 726.
LaTeX Font Info:    Font shape `OT1/ptm/bx/it' in size <24> not available
(Font)              Font shape `OT1/ptm/b/it' tried instead on input line 726.
\IEEEilabelindentA=\dimen108
\IEEEilabelindentB=\dimen109
\IEEEilabelindent=\dimen110
\IEEEelabelindent=\dimen111
\IEEEdlabelindent=\dimen112
\IEEElabelindent=\dimen113
\IEEEiednormlabelsep=\dimen114
\IEEEiedmathlabelsep=\dimen115
\IEEEiedtopsep=\skip41
\c@section=\count81
\c@subsection=\count82
\c@subsubsection=\count83
\c@paragraph=\count84
\c@IEEEsubequation=\count85
\abovecaptionskip=\skip42
\belowcaptionskip=\skip43
\c@figure=\count86
\c@table=\count87
\@IEEEeqnnumcols=\count88
\@IEEEeqncolcnt=\count89
\@IEEEsubeqnnumrollback=\count90
\@IEEEtmpitemindent=\dimen116
\c@IEEEbiography=\count91
\@IEEEtranrubishbin=\box26
) (/usr/local/texlive/2013/texmf-dist/tex/latex/base/inputenc.sty
Package: inputenc 2008/03/30 v1.1d Input encoding file
\inpenc@prehook=\toks15
\inpenc@posthook=\toks16

(/usr/local/texlive/2013/texmf-dist/tex/latex/base/utf8.def
File: utf8.def 2008/04/05 v1.1m UTF-8 support for inputenc
Now handling font encoding OML ...
... no UTF-8 mapping file for font encoding OML
Now handling font encoding T1 ...
... processing UTF-8 mapping file for font encoding T1

(/usr/local/texlive/2013/texmf-dist/tex/latex/base/t1enc.dfu
File: t1enc.dfu 2008/04/05 v1.1m UTF-8 support for inputenc
   defining Unicode char U+00A1 (decimal 161)
   defining Unicode char U+00A3 (decimal 163)
   defining Unicode char U+00AB (decimal 171)
   defining Unicode char U+00BB (decimal 187)
   defining Unicode char U+00BF (decimal 191)
   defining Unicode char U+00C0 (decimal 192)
   defining Unicode char U+00C1 (decimal 193)
   defining Unicode char U+00C2 (decimal 194)
   defining Unicode char U+00C3 (decimal 195)
   defining Unicode char U+00C4 (decimal 196)
   defining Unicode char U+00C5 (decimal 197)
   defining Unicode char U+00C6 (decimal 198)
   defining Unicode char U+00C7 (decimal 199)
   defining Unicode char U+00C8 (decimal 200)
   defining Unicode char U+00C9 (decimal 201)
   defining Unicode char U+00CA (decimal 202)
   defining Unicode char U+00CB (decimal 203)
   defining Unicode char U+00CC (decimal 204)
   defining Unicode char U+00CD (decimal 205)
   defining Unicode char U+00CE (decimal 206)
   defining Unicode char U+00CF (decimal 207)
   defining Unicode char U+00D0 (decimal 208)
   defining Unicode char U+00D1 (decimal 209)
   defining Unicode char U+00D2 (decimal 210)
   defining Unicode char U+00D3 (decimal 211)
   defining Unicode char U+00D4 (decimal 212)
   defining Unicode char U+00D5 (decimal 213)
   defining Unicode char U+00D6 (decimal 214)
   defining Unicode char U+00D8 (decimal 216)
   defining Unicode char U+00D9 (decimal 217)
   defining Unicode char U+00DA (decimal 218)
   defining Unicode char U+00DB (decimal 219)
   defining Unicode char U+00DC (decimal 220)
   defining Unicode char U+00DD (decimal 221)
   defining Unicode char U+00DE (decimal 222)
   defining Unicode char U+00DF (decimal 223)
   defining Unicode char U+00E0 (decimal 224)
   defining Unicode char U+00E1 (decimal 225)
   defining Unicode char U+00E2 (decimal 226)
   defining Unicode char U+00E3 (decimal 227)
   defining Unicode char U+00E4 (decimal 228)
   defining Unicode char U+00E5 (decimal 229)
   defining Unicode char U+00E6 (decimal 230)
   defining Unicode char U+00E7 (decimal 231)
   defining Unicode char U+00E8 (decimal 232)
   defining Unicode char U+00E9 (decimal 233)
   defining Unicode char U+00EA (decimal 234)
   defining Unicode char U+00EB (decimal 235)
   defining Unicode char U+00EC (decimal 236)
   defining Unicode char U+00ED (decimal 237)
   defining Unicode char U+00EE (decimal 238)
   defining Unicode char U+00EF (decimal 239)
   defining Unicode char U+00F0 (decimal 240)
   defining Unicode char U+00F1 (decimal 241)
   defining Unicode char U+00F2 (decimal 242)
   defining Unicode char U+00F3 (decimal 243)
   defining Unicode char U+00F4 (decimal 244)
   defining Unicode char U+00F5 (decimal 245)
   defining Unicode char U+00F6 (decimal 246)
   defining Unicode char U+00F8 (decimal 248)
   defining Unicode char U+00F9 (decimal 249)
   defining Unicode char U+00FA (decimal 250)
   defining Unicode char U+00FB (decimal 251)
   defining Unicode char U+00FC (decimal 252)
   defining Unicode char U+00FD (decimal 253)
   defining Unicode char U+00FE (decimal 254)
   defining Unicode char U+00FF (decimal 255)
   defining Unicode char U+0102 (decimal 258)
   defining Unicode char U+0103 (decimal 259)
   defining Unicode char U+0104 (decimal 260)
   defining Unicode char U+0105 (decimal 261)
   defining Unicode char U+0106 (decimal 262)
   defining Unicode char U+0107 (decimal 263)
   defining Unicode char U+010C (decimal 268)
   defining Unicode char U+010D (decimal 269)
   defining Unicode char U+010E (decimal 270)
   defining Unicode char U+010F (decimal 271)
   defining Unicode char U+0110 (decimal 272)
   defining Unicode char U+0111 (decimal 273)
   defining Unicode char U+0118 (decimal 280)
   defining Unicode char U+0119 (decimal 281)
   defining Unicode char U+011A (decimal 282)
   defining Unicode char U+011B (decimal 283)
   defining Unicode char U+011E (decimal 286)
   defining Unicode char U+011F (decimal 287)
   defining Unicode char U+0130 (decimal 304)
   defining Unicode char U+0131 (decimal 305)
   defining Unicode char U+0132 (decimal 306)
   defining Unicode char U+0133 (decimal 307)
   defining Unicode char U+0139 (decimal 313)
   defining Unicode char U+013A (decimal 314)
   defining Unicode char U+013D (decimal 317)
   defining Unicode char U+013E (decimal 318)
   defining Unicode char U+0141 (decimal 321)
   defining Unicode char U+0142 (decimal 322)
   defining Unicode char U+0143 (decimal 323)
   defining Unicode char U+0144 (decimal 324)
   defining Unicode char U+0147 (decimal 327)
   defining Unicode char U+0148 (decimal 328)
   defining Unicode char U+014A (decimal 330)
   defining Unicode char U+014B (decimal 331)
   defining Unicode char U+0150 (decimal 336)
   defining Unicode char U+0151 (decimal 337)
   defining Unicode char U+0152 (decimal 338)
   defining Unicode char U+0153 (decimal 339)
   defining Unicode char U+0154 (decimal 340)
   defining Unicode char U+0155 (decimal 341)
   defining Unicode char U+0158 (decimal 344)
   defining Unicode char U+0159 (decimal 345)
   defining Unicode char U+015A (decimal 346)
   defining Unicode char U+015B (decimal 347)
   defining Unicode char U+015E (decimal 350)
   defining Unicode char U+015F (decimal 351)
   defining Unicode char U+0160 (decimal 352)
   defining Unicode char U+0161 (decimal 353)
   defining Unicode char U+0162 (decimal 354)
   defining Unicode char U+0163 (decimal 355)
   defining Unicode char U+0164 (decimal 356)
   defining Unicode char U+0165 (decimal 357)
   defining Unicode char U+016E (decimal 366)
   defining Unicode char U+016F (decimal 367)
   defining Unicode char U+0170 (decimal 368)
   defining Unicode char U+0171 (decimal 369)
   defining Unicode char U+0178 (decimal 376)
   defining Unicode char U+0179 (decimal 377)
   defining Unicode char U+017A (decimal 378)
   defining Unicode char U+017B (decimal 379)
   defining Unicode char U+017C (decimal 380)
   defining Unicode char U+017D (decimal 381)
   defining Unicode char U+017E (decimal 382)
   defining Unicode char U+200C (decimal 8204)
   defining Unicode char U+2013 (decimal 8211)
   defining Unicode char U+2014 (decimal 8212)
   defining Unicode char U+2018 (decimal 8216)
   defining Unicode char U+2019 (decimal 8217)
   defining Unicode char U+201A (decimal 8218)
   defining Unicode char U+201C (decimal 8220)
   defining Unicode char U+201D (decimal 8221)
   defining Unicode char U+201E (decimal 8222)
   defining Unicode char U+2030 (decimal 8240)
   defining Unicode char U+2031 (decimal 8241)
   defining Unicode char U+2039 (decimal 8249)
   defining Unicode char U+203A (decimal 8250)
   defining Unicode char U+2423 (decimal 9251)
)
Now handling font encoding OT1 ...
... processing UTF-8 mapping file for font encoding OT1

(/usr/local/texlive/2013/texmf-dist/tex/latex/base/ot1enc.dfu
File: ot1enc.dfu 2008/04/05 v1.1m UTF-8 support for inputenc
   defining Unicode char U+00A1 (decimal 161)
   defining Unicode char U+00A3 (decimal 163)
   defining Unicode char U+00B8 (decimal 184)
   defining Unicode char U+00BF (decimal 191)
   defining Unicode char U+00C5 (decimal 197)
   defining Unicode char U+00C6 (decimal 198)
   defining Unicode char U+00D8 (decimal 216)
   defining Unicode char U+00DF (decimal 223)
   defining Unicode char U+00E6 (decimal 230)
   defining Unicode char U+00EC (decimal 236)
   defining Unicode char U+00ED (decimal 237)
   defining Unicode char U+00EE (decimal 238)
   defining Unicode char U+00EF (decimal 239)
   defining Unicode char U+00F8 (decimal 248)
   defining Unicode char U+0131 (decimal 305)
   defining Unicode char U+0141 (decimal 321)
   defining Unicode char U+0142 (decimal 322)
   defining Unicode char U+0152 (decimal 338)
   defining Unicode char U+0153 (decimal 339)
   defining Unicode char U+2013 (decimal 8211)
   defining Unicode char U+2014 (decimal 8212)
   defining Unicode char U+2018 (decimal 8216)
   defining Unicode char U+2019 (decimal 8217)
   defining Unicode char U+201C (decimal 8220)
   defining Unicode char U+201D (decimal 8221)
)
Now handling font encoding OMS ...
... processing UTF-8 mapping file for font encoding OMS

(/usr/local/texlive/2013/texmf-dist/tex/latex/base/omsenc.dfu
File: omsenc.dfu 2008/04/05 v1.1m UTF-8 support for inputenc
   defining Unicode char U+00A7 (decimal 167)
   defining Unicode char U+00B6 (decimal 182)
   defining Unicode char U+00B7 (decimal 183)
   defining Unicode char U+2020 (decimal 8224)
   defining Unicode char U+2021 (decimal 8225)
   defining Unicode char U+2022 (decimal 8226)
)
Now handling font encoding OMX ...
... no UTF-8 mapping file for font encoding OMX
Now handling font encoding U ...
... no UTF-8 mapping file for font encoding U
   defining Unicode char U+00A9 (decimal 169)
   defining Unicode char U+00AA (decimal 170)
   defining Unicode char U+00AE (decimal 174)
   defining Unicode char U+00BA (decimal 186)
   defining Unicode char U+02C6 (decimal 710)
   defining Unicode char U+02DC (decimal 732)
   defining Unicode char U+200C (decimal 8204)
   defining Unicode char U+2026 (decimal 8230)
   defining Unicode char U+2122 (decimal 8482)
   defining Unicode char U+2423 (decimal 9251)
))
(/usr/local/texlive/2013/texmf-dist/tex/latex/graphics/graphicx.sty
Package: graphicx 1999/02/16 v1.0f Enhanced LaTeX Graphics (DPC,SPQR)

(/usr/local/texlive/2013/texmf-dist/tex/latex/graphics/keyval.sty
Package: keyval 1999/03/16 v1.13 key=value parser (DPC)
\KV@toks@=\toks17
)
(/usr/local/texlive/2013/texmf-dist/tex/latex/graphics/graphics.sty
Package: graphics 2009/02/05 v1.0o Standard LaTeX Graphics (DPC,SPQR)

(/usr/local/texlive/2013/texmf-dist/tex/latex/graphics/trig.sty
Package: trig 1999/03/16 v1.09 sin cos tan (DPC)
)
(/usr/local/texlive/2013/texmf-dist/tex/latex/latexconfig/graphics.cfg
File: graphics.cfg 2010/04/23 v1.9 graphics configuration of TeX Live
)
Package graphics Info: Driver file: pdftex.def on input line 91.

(/usr/local/texlive/2013/texmf-dist/tex/latex/pdftex-def/pdftex.def
File: pdftex.def 2011/05/27 v0.06d Graphics/color for pdfTeX

(/usr/local/texlive/2013/texmf-dist/tex/generic/oberdiek/infwarerr.sty
Package: infwarerr 2010/04/08 v1.3 Providing info/warning/error messages (HO)
)
(/usr/local/texlive/2013/texmf-dist/tex/generic/oberdiek/ltxcmds.sty
Package: ltxcmds 2011/11/09 v1.22 LaTeX kernel commands for general use (HO)
)
\Gread@gobject=\count92
))
\Gin@req@height=\dimen117
\Gin@req@width=\dimen118
)
(/usr/local/texlive/2013/texmf-dist/tex/latex/was/gensymb.sty
Package: gensymb 2003/07/02 v1.0 (WaS)
)
(/usr/local/texlive/2013/texmf-dist/tex/latex/amsmath/amsmath.sty
Package: amsmath 2013/01/14 v2.14 AMS math features
\@mathmargin=\skip44

For additional information on amsmath, use the `?' option.
(/usr/local/texlive/2013/texmf-dist/tex/latex/amsmath/amstext.sty
Package: amstext 2000/06/29 v2.01

(/usr/local/texlive/2013/texmf-dist/tex/latex/amsmath/amsgen.sty
File: amsgen.sty 1999/11/30 v2.0
\@emptytoks=\toks18
\ex@=\dimen119
))
(/usr/local/texlive/2013/texmf-dist/tex/latex/amsmath/amsbsy.sty
Package: amsbsy 1999/11/29 v1.2d
\pmbraise@=\dimen120
)
(/usr/local/texlive/2013/texmf-dist/tex/latex/amsmath/amsopn.sty
Package: amsopn 1999/12/14 v2.01 operator names
)
\inf@bad=\count93
LaTeX Info: Redefining \frac on input line 210.
\uproot@=\count94
\leftroot@=\count95
LaTeX Info: Redefining \overline on input line 306.
\classnum@=\count96
\DOTSCASE@=\count97
LaTeX Info: Redefining \ldots on input line 378.
LaTeX Info: Redefining \dots on input line 381.
LaTeX Info: Redefining \cdots on input line 466.
\Mathstrutbox@=\box27
\strutbox@=\box28
\big@size=\dimen121
LaTeX Font Info:    Redeclaring font encoding OML on input line 566.
LaTeX Font Info:    Redeclaring font encoding OMS on input line 567.
\macc@depth=\count98
\c@MaxMatrixCols=\count99
\dotsspace@=\muskip10
\c@parentequation=\count100
\dspbrk@lvl=\count101
\tag@help=\toks19
\row@=\count102
\column@=\count103
\maxfields@=\count104
\andhelp@=\toks20
\eqnshift@=\dimen122
\alignsep@=\dimen123
\tagshift@=\dimen124
\tagwidth@=\dimen125
\totwidth@=\dimen126
\lineht@=\dimen127
\@envbody=\toks21
\multlinegap=\skip45
\multlinetaggap=\skip46
\mathdisplay@stack=\toks22
LaTeX Info: Redefining \[ on input line 2665.
LaTeX Info: Redefining \] on input line 2666.
)
(/usr/local/texlive/2013/texmf-dist/tex/latex/enumitem/enumitem.sty
Package: enumitem 2011/09/28 v3.5.2 Customized lists
\labelindent=\skip47
\enit@outerparindent=\dimen128
\enit@toks=\toks23
\enit@inbox=\box29
\enitdp@description=\count105
)
\c@myitemcounter=\count106

(./VI-EIEC-Template.aux

LaTeX Warning: Label `eq:10' multiply defined.


LaTeX Warning: Label `eq:10' multiply defined.


LaTeX Warning: Label `eq:11' multiply defined.

)
\openout1 = `VI-EIEC-Template.aux'.

LaTeX Font Info:    Checking defaults for OML/cmm/m/it on input line 329.
LaTeX Font Info:    ... okay on input line 329.
LaTeX Font Info:    Checking defaults for T1/cmr/m/n on input line 329.
LaTeX Font Info:    ... okay on input line 329.
LaTeX Font Info:    Checking defaults for OT1/cmr/m/n on input line 329.
LaTeX Font Info:    ... okay on input line 329.
LaTeX Font Info:    Checking defaults for OMS/cmsy/m/n on input line 329.
LaTeX Font Info:    ... okay on input line 329.
LaTeX Font Info:    Checking defaults for OMX/cmex/m/n on input line 329.
LaTeX Font Info:    ... okay on input line 329.
LaTeX Font Info:    Checking defaults for U/cmr/m/n on input line 329.
LaTeX Font Info:    ... okay on input line 329.
 (/usr/local/texlive/2013/texmf-dist/tex/context/base/supp-pdf.mkii
[Loading MPS to PDF converter (version 2006.09.02).]
\scratchcounter=\count107
\scratchdimen=\dimen129
\scratchbox=\box30
\nofMPsegments=\count108
\nofMParguments=\count109
\everyMPshowfont=\toks24
\MPscratchCnt=\count110
\MPscratchDim=\dimen130
\MPnumerator=\count111
\makeMPintoPDFobject=\count112
\everyMPtoPDFconversion=\toks25
) (/usr/local/texlive/2013/texmf-dist/tex/generic/oberdiek/pdftexcmds.sty
Package: pdftexcmds 2011/11/29 v0.20 Utility functions of pdfTeX for LuaTeX (HO
)

(/usr/local/texlive/2013/texmf-dist/tex/generic/oberdiek/ifluatex.sty
Package: ifluatex 2010/03/01 v1.3 Provides the ifluatex switch (HO)
Package ifluatex Info: LuaTeX not detected.
)
(/usr/local/texlive/2013/texmf-dist/tex/generic/oberdiek/ifpdf.sty
Package: ifpdf 2011/01/30 v2.3 Provides the ifpdf switch (HO)
Package ifpdf Info: pdfTeX in PDF mode is detected.
)
Package pdftexcmds Info: LuaTeX not detected.
Package pdftexcmds Info: \pdf@primitive is available.
Package pdftexcmds Info: \pdf@ifprimitive is available.
Package pdftexcmds Info: \pdfdraftmode found.
)
(/usr/local/texlive/2013/texmf-dist/tex/latex/oberdiek/epstopdf-base.sty
Package: epstopdf-base 2010/02/09 v2.5 Base part for package epstopdf

(/usr/local/texlive/2013/texmf-dist/tex/latex/oberdiek/grfext.sty
Package: grfext 2010/08/19 v1.1 Manage graphics extensions (HO)

(/usr/local/texlive/2013/texmf-dist/tex/generic/oberdiek/kvdefinekeys.sty
Package: kvdefinekeys 2011/04/07 v1.3 Define keys (HO)
))
(/usr/local/texlive/2013/texmf-dist/tex/latex/oberdiek/kvoptions.sty
Package: kvoptions 2011/06/30 v3.11 Key value format for package options (HO)

(/usr/local/texlive/2013/texmf-dist/tex/generic/oberdiek/kvsetkeys.sty
Package: kvsetkeys 2012/04/25 v1.16 Key value parser (HO)

(/usr/local/texlive/2013/texmf-dist/tex/generic/oberdiek/etexcmds.sty
Package: etexcmds 2011/02/16 v1.5 Avoid name clashes with e-TeX commands (HO)
Package etexcmds Info: Could not find \expanded.
(etexcmds)             That can mean that you are not using pdfTeX 1.50 or
(etexcmds)             that some package has redefined \expanded.
(etexcmds)             In the latter case, load this package earlier.
)))
Package grfext Info: Graphics extension search list:
(grfext)             [.png,.pdf,.jpg,.mps,.jpeg,.jbig2,.jb2,.PNG,.PDF,.JPG,.JPE
G,.JBIG2,.JB2,.eps]
(grfext)             \AppendGraphicsExtensions on input line 452.

(/usr/local/texlive/2013/texmf-dist/tex/latex/latexconfig/epstopdf-sys.cfg
File: epstopdf-sys.cfg 2010/07/13 v1.3 Configuration of (r)epstopdf for TeX Liv
e
))
LaTeX Info: Redefining \celsius on input line 329.
Package gensymb Info: Faking symbols for \degree and \celsius on input line 329
.


Package gensymb Warning: Not defining \perthousand.

LaTeX Info: Redefining \ohm on input line 329.
Package gensymb Info: Using \Omega for \ohm on input line 329.

Package gensymb Warning: Not defining \micro.


Underfull \hbox (badness 2653) in paragraph at lines 370--371
[]\OT1/ptm/m/n/10 Der Zeeman-Effekt wurde das er-ste Mal 1896 vom
 []

<images/BohrscherDrehimpuls.png, id=1, 468.75125pt x 368.37625pt>
File: images/BohrscherDrehimpuls.png Graphic file (type png)

<use images/BohrscherDrehimpuls.png>
Package pdftex.def Info: images/BohrscherDrehimpuls.png used on input line 385.

(pdftex.def)             Requested size: 252.0pt x 198.0377pt.


LaTeX Warning: Command \textellipsis invalid in math mode on input line 402.

[1{/usr/local/texlive/2013/texmf-var/fonts/map/pdftex/updmap/pdftex.map}


 <./images/BohrscherDrehimpuls.png>]
<images/ZeemanAufspaltung.png, id=24, 1875.005pt x 787.94376pt>
File: images/ZeemanAufspaltung.png Graphic file (type png)

<use images/ZeemanAufspaltung.png>
Package pdftex.def Info: images/ZeemanAufspaltung.png used on input line 424.
(pdftex.def)             Requested size: 252.0pt x 105.89891pt.

Underfull \hbox (badness 3612) in paragraph at lines 431--432
[]\OT1/ptm/m/n/10 Wenn ein Elek-tron zwis-chen zwei Elek-tro-nen-schalen
 []


Underfull \hbox (badness 5711) in paragraph at lines 436--437
[]\OT1/ptm/m/n/10 Jedoch gibt es Ein-schr[]ankungen, welche []Uberg[]ange
 []

<images/Polarisation.png, id=25, 382.42876pt x 281.05pt>
File: images/Polarisation.png Graphic file (type png)

<use images/Polarisation.png>
Package pdftex.def Info: images/Polarisation.png used on input line 455.
(pdftex.def)             Requested size: 252.0pt x 185.19766pt.

<images/Hysterese.png, id=27, 774.7344pt x 592.8549pt>
File: images/Hysterese.png Graphic file (type png)

<use images/Hysterese.png>
Package pdftex.def Info: images/Hysterese.png used on input line 470.
(pdftex.def)             Requested size: 252.0pt x 192.8384pt.
 <images/Aufbau.png, id=28, 266.9172pt x 138.7584pt>
File: images/Aufbau.png Graphic file (type png)

<use images/Aufbau.png>
Package pdftex.def Info: images/Aufbau.png used on input line 477.
(pdftex.def)             Requested size: 252.0pt x 131.00668pt.
 <images/LGPlatte.png, id=29, 310.761pt x 80.4606pt>
File: images/LGPlatte.png Graphic file (type png)

<use images/LGPlatte.png>
Package pdftex.def Info: images/LGPlatte.png used on input line 488.
(pdftex.def)             Requested size: 252.0pt x 65.24762pt.
 [2 <./images/ZeemanAufspaltung.png> <./images/Polarisation.png>] <images/Trans
versal.png, id=36, 2054.67625pt x 773.89125pt>
File: images/Transversal.png Graphic file (type png)

<use images/Transversal.png>
Package pdftex.def Info: images/Transversal.png used on input line 501.
(pdftex.def)             Requested size: 252.0pt x 94.90582pt.

<images/11AMessung.png, id=37, 774.7344pt x 592.8549pt>
File: images/11AMessung.png Graphic file (type png)

<use images/11AMessung.png>
Package pdftex.def Info: images/11AMessung.png used on input line 507.
(pdftex.def)             Requested size: 252.0pt x 192.8384pt.
 [3 <./images/Hysterese.png> <./images/Aufbau.png> <./images/LGPlatte.png> <./i
mages/Transversal.png> <./images/11AMessung.png>]
Underfull \hbox (badness 7451) in paragraph at lines 531--532
[]\OT1/ptm/m/n/10 Verwendet man die En-ergied-if-ferenz $\OT1/cmr/m/n/10 ^^A\OM
L/cmm/m/it/10 E[]$ \OT1/ptm/m/n/10 zweier
 []

<images/CTS.png, id=47, 238.0092pt x 122.859pt>
File: images/CTS.png Graphic file (type png)
 <use images/CTS.png>
Package pdftex.def Info: images/CTS.png used on input line 556.
(pdftex.def)             Requested size: 252.0pt x 130.08554pt.

<images/Neonspektrum.png, id=48, 774.7344pt x 592.8549pt>
File: images/Neonspektrum.png Graphic file (type png)

<use images/Neonspektrum.png>
Package pdftex.def Info: images/Neonspektrum.png used on input line 564.
(pdftex.def)             Requested size: 252.0pt x 192.8384pt.

<images/Kalibrationskurve.jpg, id=49, 774.7344pt x 592.8549pt>
File: images/Kalibrationskurve.jpg Graphic file (type jpg)

<use images/Kalibrationskurve.jpg>
Package pdftex.def Info: images/Kalibrationskurve.jpg used on input line 571.
(pdftex.def)             Requested size: 252.0pt x 192.8384pt.

Underfull \hbox (badness 10000) in paragraph at lines 576--577
[]\OT1/ptm/m/n/10 F[]ur die starke Cadmium-Linie er-hiel-ten wir eine
 []


Underfull \hbox (badness 10000) in paragraph at lines 587--592
[][]
 []


Underfull \hbox (badness 10000) in paragraph at lines 587--592
\OT1/ptm/m/n/10 Davon sind Xenon als gasf[]ormige Verun-reini-gung,
 []


Underfull \hbox (badness 1590) in paragraph at lines 587--592
\OT1/ptm/m/n/10 sowie Wol-fram und Tho-rium als Elek-tro-den-ma-te-rial am
 []

[4 <./images/CTS.png> <./images/Neonspektrum.png>]
Underfull \hbox (badness 1642) in paragraph at lines 598--599
[]\OT1/ptm/m/n/10 Im er-sten Ver-such-steil wurde der ver-wen-dete Mag-net
 []


Overfull \hbox (28.31348pt too wide) in paragraph at lines 613--622
 [][] 
 []


Overfull \hbox (10.0pt too wide) in paragraph at lines 611--623
[]$[]$ 
 []


Underfull \hbox (badness 10000) in paragraph at lines 625--626
[]\OT1/ptm/m/n/10 Wolfgang Demtr[]oder. \OT1/ptm/m/it/10 Ex-per-i-men-tal-physi
k 3, Atome,
 []


Underfull \hbox (badness 10000) in paragraph at lines 638--639
[]\OT1/ptm/m/n/8 Physik IV - Einf[]uhrung in die Quan-ten-mechanik,
 []


Underfull \hbox (badness 10000) in paragraph at lines 638--639
\OT1/ptm/m/n/8 qudev.phys.ethz.ch/content/science/BuchPhysikIV/PhysikIVch12.htm
l
 []


Underfull \hbox (badness 10000) in paragraph at lines 640--641
[]\OT1/ptm/m/n/8 Der Zeeman-Effekt, www.ipf.uni-stuttgart.de/lehre/online-
 []


Underfull \hbox (badness 10000) in paragraph at lines 642--643
\OT1/ptm/m/n/8 vlu/analytik/aas/zeeman.vlu/Page/vsc/de/ch/13/pc/analytik/aas/
 []


Underfull \hbox (badness 10000) in paragraph at lines 650--651
[]\OT1/ptm/m/n/8 NIST Atomic Spec-tra Database Lines Form,
 []


Underfull \hbox (badness 10000) in paragraph at lines 650--651
\OT1/ptm/m/n/8 http://physics.nist.gov/PhysRefData/ASD/lines[]form.html (stand:

 []

[5 <./images/Kalibrationskurve.jpg>] (./VI-EIEC-Template.aux)

LaTeX Warning: There were multiply-defined labels.

 ) 
Here is how much of TeX's memory you used:
 3436 strings out of 493315
 51328 string characters out of 6137903
 120920 words of memory out of 5000000
 6828 multiletter control sequences out of 15000+600000
 37949 words of font info for 77 fonts, out of 8000000 for 9000
 960 hyphenation exceptions out of 8191
 38i,10n,24p,763b,220s stack positions out of 5000i,500n,10000p,200000b,80000s
{/usr/local/texlive/2013/texmf-dist/fonts/enc/dvips/base/8r.enc}</usr/local/t
exlive/2013/texmf-dist/fonts/type1/public/amsfonts/cm/cmex10.pfb></usr/local/te
xlive/2013/texmf-dist/fonts/type1/public/amsfonts/cm/cmmi10.pfb></usr/local/tex
live/2013/texmf-dist/fonts/type1/public/amsfonts/cm/cmmi6.pfb></usr/local/texli
ve/2013/texmf-dist/fonts/type1/public/amsfonts/cm/cmmi7.pfb></usr/local/texlive
/2013/texmf-dist/fonts/type1/public/amsfonts/cm/cmmi8.pfb></usr/local/texlive/2
013/texmf-dist/fonts/type1/public/amsfonts/cm/cmmi9.pfb></usr/local/texlive/201
3/texmf-dist/fonts/type1/public/amsfonts/cm/cmr10.pfb></usr/local/texlive/2013/
texmf-dist/fonts/type1/public/amsfonts/cm/cmr6.pfb></usr/local/texlive/2013/tex
mf-dist/fonts/type1/public/amsfonts/cm/cmr7.pfb></usr/local/texlive/2013/texmf-
dist/fonts/type1/public/amsfonts/cm/cmr8.pfb></usr/local/texlive/2013/texmf-dis
t/fonts/type1/public/amsfonts/cm/cmr9.pfb></usr/local/texlive/2013/texmf-dist/f
onts/type1/public/amsfonts/cm/cmsy10.pfb></usr/local/texlive/2013/texmf-dist/fo
nts/type1/public/amsfonts/cm/cmsy6.pfb></usr/local/texlive/2013/texmf-dist/font
s/type1/public/amsfonts/cm/cmsy7.pfb></usr/local/texlive/2013/texmf-dist/fonts/
type1/public/amsfonts/cm/cmsy9.pfb></usr/local/texlive/2013/texmf-dist/fonts/ty
pe1/urw/times/utmb8a.pfb></usr/local/texlive/2013/texmf-dist/fonts/type1/urw/ti
mes/utmbi8a.pfb></usr/local/texlive/2013/texmf-dist/fonts/type1/urw/times/utmr8
a.pfb></usr/local/texlive/2013/texmf-dist/fonts/type1/urw/times/utmri8a.pfb>
Output written on VI-EIEC-Template.pdf (5 pages, 2935825 bytes).
PDF statistics:
 118 PDF objects out of 1000 (max. 8388607)
 71 compressed objects within 1 object stream
 0 named destinations out of 1000 (max. 500000)
 56 words of extra memory for PDF output out of 10000 (max. 10000000)

